Start testing: Jun 16 19:39 BST
----------------------------------------------------------
1/1 Testing: test_input_class
1/1 Test: test_input_class
Command: "/home/cian/HPCWheresWallySolver/serial/test/unit_tests/input/ww_ut_input"
Directory: /home/cian/HPCWheresWallySolver/serial/test/unit_tests/input
"test_input_class" start time: Jun 16 19:39 BST
Output:
----------------------------------------------------------
...............

ww_ut_input.cpp:340:Assertion
Test name: input_test::test_load_config
assertion failed
- Expression: 0 == input->load_config()

ww_ut_input.cpp:96:Assertion
Test name: input_test::test_option_number_of_final_results
assertion failed
- Expression: 5 == input->variables->get_number_of_final_results()

ww_ut_input.cpp:317:Assertion
Test name: input_test::test_option_help
assertion failed
- Expression: monitor.get_cerr_output() == help_message.str()

Failures !!!
Run: 15   Failure total: 3   Failures: 3   Errors: 0
<end of output>
Test time =   0.00 sec
----------------------------------------------------------
Test Failed.
"test_input_class" end time: Jun 16 19:39 BST
"test_input_class" time elapsed: 00:00:00
----------------------------------------------------------

End testing: Jun 16 19:39 BST
