Start testing: Jun 14 13:08 BST
----------------------------------------------------------
1/1 Testing: test_search_pattern_class
1/1 Test: test_search_pattern_class
Command: "/home/cian/HPCWheresWallySolver/serial/test/unit_tests/search_pattern/ww_ut_search_pattern"
Directory: /home/cian/HPCWheresWallySolver/serial/test/unit_tests/search_pattern
"test_search_pattern_class" start time: Jun 14 13:08 BST
Output:
----------------------------------------------------------
..

OK (2)
<end of output>
Test time =   0.00 sec
----------------------------------------------------------
Test Passed.
"test_search_pattern_class" end time: Jun 14 13:08 BST
"test_search_pattern_class" time elapsed: 00:00:00
----------------------------------------------------------

End testing: Jun 14 13:08 BST
