<?xml version="1.0" encoding="UTF-8"?>
<Site BuildName="Linux-c++"
	BuildStamp="20130607-1939-Continuous"
	Name="desktop-archlinux"
	Generator="ctest-2.8.11"
	CompilerName="/usr/bin/c++"
	OSName="Linux"
	Hostname="desktop-archlinux"
	OSRelease="3.9.4-1-ARCH"
	OSVersion="#1 SMP PREEMPT Sun May 26 11:56:48 CEST 2013"
	OSPlatform="i686"
	Is64Bits="0"
	VendorString="GenuineIntel"
	VendorID="Intel Corporation"
	FamilyID="6"
	ModelID="23"
	ProcessorCacheSize="2048"
	NumberOfLogicalCPU="4"
	NumberOfPhysicalCPU="4"
	TotalVirtualMemory="0"
	TotalPhysicalMemory="3286"
	LogicalProcessorsPerPhysical="1"
	ProcessorClockFrequency="2333.56"
>
<Configure>
	<StartDateTime>Jun 07 20:39 BST</StartDateTime>
	<StartConfigureTime>1370633964</StartConfigureTime>
<ConfigureCommand>"/usr/bin/cmake" "/home/cian/HPCWheresWallySolver/serial"</ConfigureCommand>
<Log>-- Configuring done
-- Generating done
-- Build files have been written to: /home/cian/HPCWheresWallySolver/serial
</Log>
	<ConfigureStatus>0</ConfigureStatus>
	<EndDateTime>Jun 07 20:39 BST</EndDateTime>
	<EndConfigureTime>1370633964</EndConfigureTime>
<ElapsedMinutes>0</ElapsedMinutes></Configure>
</Site>
