<?xml version="1.0" encoding="UTF-8"?>
<Site BuildName="Linux-c++"
	BuildStamp="20130607-1938-Continuous"
	Name="desktop-archlinux"
	Generator="ctest-2.8.11"
	CompilerName="/usr/bin/c++"
	OSName="Linux"
	Hostname="desktop-archlinux"
	OSRelease="3.9.4-1-ARCH"
	OSVersion="#1 SMP PREEMPT Sun May 26 11:56:48 CEST 2013"
	OSPlatform="i686"
	Is64Bits="0"
	VendorString="GenuineIntel"
	VendorID="Intel Corporation"
	FamilyID="6"
	ModelID="23"
	ProcessorCacheSize="2048"
	NumberOfLogicalCPU="4"
	NumberOfPhysicalCPU="4"
	TotalVirtualMemory="0"
	TotalPhysicalMemory="3286"
	LogicalProcessorsPerPhysical="1"
	ProcessorClockFrequency="2333.56"
>
<Build>
	<StartDateTime>Jun 07 20:38 BST</StartDateTime>
	<StartBuildTime>1370633888</StartBuildTime>
<BuildCommand>/usr/bin/make -i</BuildCommand>
	<Log Encoding="base64" Compression="/bin/gzip">
	</Log>
	<EndDateTime>Jun 07 20:38 BST</EndDateTime>
	<EndBuildTime>1370633888</EndBuildTime>
<ElapsedMinutes>0</ElapsedMinutes></Build>
</Site>
