Start testing: Jun 16 17:40 BST
----------------------------------------------------------
1/1 Testing: test_io_variables_class
1/1 Test: test_io_variables_class
Command: "/home/cian/HPCWheresWallySolver/serial/test/unit_tests/io_variables/ww_ut_io_variables"
Directory: /home/cian/HPCWheresWallySolver/serial/test/unit_tests/io_variables
"test_io_variables_class" start time: Jun 16 17:40 BST
Output:
----------------------------------------------------------
....................

OK (20)
<end of output>
Test time =   0.00 sec
----------------------------------------------------------
Test Passed.
"test_io_variables_class" end time: Jun 16 17:40 BST
"test_io_variables_class" time elapsed: 00:00:00
----------------------------------------------------------

End testing: Jun 16 17:40 BST
