Start testing: Jun 07 20:39 BST
----------------------------------------------------------
1/1 Testing: io_input_unit_test
1/1 Test: io_input_unit_test
Command: "/home/cian/HPCWheresWallySolver/serial/test/unit_tests/io_input_unit_test"
Directory: /home/cian/HPCWheresWallySolver/serial/test/unit_tests
"io_input_unit_test" start time: Jun 07 20:39 BST
Output:
----------------------------------------------------------
.

OK (1)
<end of output>
Test time =   0.00 sec
----------------------------------------------------------
Test Passed.
"io_input_unit_test" end time: Jun 07 20:39 BST
"io_input_unit_test" time elapsed: 00:00:00
----------------------------------------------------------

End testing: Jun 07 20:39 BST
